Processing M0_DMSO_1_1_0053.tiff...
Detected 503 cells
Processing M0_DMSO_1_2_0055.tiff...
Detected 504 cells
Processing M0_DMSO_1_3_0057.tiff...
Detected 575 cells
Processing M0_DMSO_1_4_0059.tiff...
Detected 539 cells
Processing M0_DMSO_1_5_0061.tiff...
Detected 520 cells
Processing M0_DMSO_2_1_0063.tiff...
Detected 525 cells
Processing M0_DMSO_2_2_0065.tiff...
Detected 450 cells
Processing M0_DMSO_2_3_0067.tiff...
Detected 630 cells
Processing M0_DMSO_2_4_0069.tiff...
Detected 534 cells
Processing M0_DMSO_2_5_0071.tiff...
Detected 478 cells
Processing M0_DMSO_3_1_0073.tiff...
Detected 492 cells
Processing M0_DMSO_3_2_0075.tiff...
Detected 404 cells
Processing M0_DMSO_3_3_0077.tiff...
Detected 423 cells
Processing M0_DMSO_3_4_0079.tiff...
Detected 290 cells
Processing M0_DMSO_3_5_0081.tiff...
Detected 219 cells
Processing M1_ALCA_1_1_0204.tiff...
Detected 336 cells
Processing M1_ALCA_1_2_0206.tiff...
Detected 317 cells
Processing M1_ALCA_1_3_0208.tiff...
Detected 444 cells
Processing M1_ALCA_1_4_0210.tiff...
Detected 432 cells
Processing M1_ALCA_1_5_0212.tiff...
Detected 529 cells
Processing M1_ALCA_2_1_0214.tiff...
Detected 311 cells
Processing M1_ALCA_2_2_0216.tiff...
Detected 338 cells
Processing M1_ALCA_2_3_0218.tiff...
Detected 424 cells
Processing M1_ALCA_2_4_0220.tiff...
Detected 413 cells
Processing M1_ALCA_2_5_0222.tiff...
Detected 620 cells
Processing M1_ALCA_3_1_0224.tiff...
Detected 304 cells
Processing M1_ALCA_3_2_0226.tiff...
Detected 324 cells
Processing M1_ALCA_3_3_0228.tiff...
Detected 402 cells
Processing M1_ALCA_3_4_0231.tiff...
Detected 410 cells
Processing M1_ALCA_3_5_0233.tiff...
Detected 552 cells
Processing M1_DMSO_1_1_0083.tiff...
Detected 124 cells
Processing M1_DMSO_1_2_0085.tiff...
Detected 179 cells
Processing M1_DMSO_1_3_0087.tiff...
Detected 248 cells
Processing M1_DMSO_1_4_0089.tiff...
Detected 555 cells
Processing M1_DMSO_1_5_0091.tiff...
Detected 460 cells
Processing M1_DMSO_2_1_0093.tiff...
Detected 215 cells
Processing M1_DMSO_2_2_0095.tiff...
Detected 319 cells
Processing M1_DMSO_2_3_0097.tiff...
Detected 261 cells
Processing M1_DMSO_2_4_0099.tiff...
Detected 706 cells
Processing M1_DMSO_2_5_0101.tiff...
Detected 608 cells
Processing M1_DMSO_3_1_0111.tiff...
Detected 330 cells
Processing M1_DMSO_3_2_0109.tiff...
Detected 369 cells
Processing M1_DMSO_3_3_0107.tiff...
Detected 217 cells
Processing M1_DMSO_3_4_0105.tiff...
Detected 652 cells
Processing M1_DMSO_3_5_0103.tiff...
Detected 333 cells
Processing M1_IALCA_1_1_0266.tiff...
Detected 314 cells
Processing M1_IALCA_1_2_0268.tiff...
Detected 345 cells
Processing M1_IALCA_1_3_0270.tiff...
Detected 324 cells
Processing M1_IALCA_1_4_0273.tiff...
Detected 388 cells
Processing M1_IALCA_1_5_0275.tiff...
Detected 582 cells
Processing M1_IALCA_2_1_0277.tiff...
Detected 246 cells
Processing M1_IALCA_2_2_0279.tiff...
Detected 370 cells
Processing M1_IALCA_2_3_0282.tiff...
Detected 373 cells
Processing M1_IALCA_2_4_0284.tiff...
Detected 456 cells
Processing M1_IALCA_2_5_0286.tiff...
Detected 631 cells
Processing M1_IALCA_3_1_0288.tiff...
Detected 239 cells
Processing M1_IALCA_3_2_0290.tiff...
Detected 433 cells
Processing M1_IALCA_3_3_0292.tiff...
Detected 460 cells
Processing M1_IALCA_3_4_0294.tiff...
Detected 445 cells
Processing M1_IALCA_3_5_0296.tiff...
Detected 468 cells
Processing M1_ILCA_1_1_0328.tiff...
Detected 366 cells
Processing M1_ILCA_1_2_0330.tiff...
Detected 397 cells
Processing M1_ILCA_1_3_0332.tiff...
Detected 668 cells
Processing M1_ILCA_1_4_0334.tiff...
Detected 464 cells
Processing M1_ILCA_1_5_0336.tiff...
Detected 483 cells
Processing M1_ILCA_2_1_0338.tiff...
Detected 339 cells
Processing M1_ILCA_2_2_0340.tiff...
Detected 422 cells
Processing M1_ILCA_2_3_0342.tiff...
Detected 870 cells
Processing M1_ILCA_2_4_0345.tiff...
Detected 439 cells
Processing M1_ILCA_2_5_0347.tiff...
Detected 502 cells
Processing M1_ILCA_3_1_0349.tiff...
Detected 433 cells
Processing M1_ILCA_3_2_0351.tiff...
Detected 533 cells
Processing M1_ILCA_3_3_0353.tiff...
Detected 673 cells
Processing M1_ILCA_3_4_0355.tiff...
Detected 428 cells
Processing M1_ILCA_3_5_0357.tiff...
Detected 597 cells
Processing M1_LCA_1_1_0144.tiff...
Detected 662 cells
Processing M1_LCA_1_2_0146.tiff...
Detected 375 cells
Processing M1_LCA_1_3_0148.tiff...
Detected 693 cells
Processing M1_LCA_1_4_0150.tiff...
Detected 505 cells
Processing M1_LCA_1_5_0152.tiff...
Detected 697 cells
Processing M1_LCA_2_1_0154.tiff...
Detected 437 cells
Processing M1_LCA_2_2_0156.tiff...
Detected 412 cells
Processing M1_LCA_2_3_0158.tiff...
Detected 709 cells
Processing M1_LCA_2_4_0160.tiff...
Detected 541 cells
Processing M1_LCA_2_5_0162.tiff...
Detected 735 cells
Processing M1_LCA_3_1_0164.tiff...
Detected 345 cells
Processing M1_LCA_3_2_0166.tiff...
Detected 416 cells
Processing M1_LCA_3_3_0168.tiff...
Detected 757 cells
Processing M1_LCA_3_4_0170.tiff...
Detected 455 cells
Processing M1_LCA_3_5_0172.tiff...
Detected 679 cells
Processing M2_ALCA_1_1_0235.tiff...
Detected 535 cells
Processing M2_ALCA_1_2_0237.tiff...
Detected 521 cells
Processing M2_ALCA_1_3_0240.tiff...
Detected 825 cells
Processing M2_ALCA_1_4_0242.tiff...
Detected 611 cells
Processing M2_ALCA_1_5_0244.tiff...
Detected 774 cells
Processing M2_ALCA_2_1_0246.tiff...
Detected 611 cells
Processing M2_ALCA_2_2_0248.tiff...
Detected 517 cells
Processing M2_ALCA_2_3_0250.tiff...
Detected 811 cells
Processing M2_ALCA_2_4_0252.tiff...
Detected 745 cells
Processing M2_ALCA_2_5_0254.tiff...
Detected 815 cells
Processing M2_ALCA_3_1_0256.tiff...
Detected 608 cells
Processing M2_ALCA_3_2_0258.tiff...
Detected 472 cells
Processing M2_ALCA_3_3_0260.tiff...
Detected 811 cells
Processing M2_ALCA_3_4_0262.tiff...
Detected 746 cells
Processing M2_ALCA_3_5_0264.tiff...
Detected 521 cells
Processing M2_DMSO_1_1_0113.tiff...
Detected 417 cells
Processing M2_DMSO_1_2_0115.tiff...
Detected 555 cells
Processing M2_DMSO_1_3_0117.tiff...
Detected 550 cells
Processing M2_DMSO_1_4_0119.tiff...
Detected 604 cells
Processing M2_DMSO_1_5_0123.tiff...
Detected 624 cells
Processing M2_DMSO_2_1_0124.tiff...
Detected 624 cells
Processing M2_DMSO_2_2_0126.tiff...
Detected 508 cells
Processing M2_DMSO_2_3_0128.tiff...
Detected 701 cells
Processing M2_DMSO_2_4_0130.tiff...
Detected 958 cells
Processing M2_DMSO_2_5_0132.tiff...
Detected 819 cells
Processing M2_DMSO_3_1_0134.tiff...
Detected 614 cells
Processing M2_DMSO_3_2_0136.tiff...
Detected 445 cells
Processing M2_DMSO_3_3_0138.tiff...
Detected 516 cells
Processing M2_DMSO_3_4_0140.tiff...
Detected 519 cells
Processing M2_DMSO_3_5_0142.tiff...
Detected 450 cells
Processing M2_IALCA_1_1_0298.tiff...
Detected 661 cells
Processing M2_IALCA_1_2_0300.tiff...
Detected 621 cells
Processing M2_IALCA_1_3_0302.tiff...
Detected 719 cells
Processing M2_IALCA_1_4_0304.tiff...
Detected 611 cells
Processing M2_IALCA_1_5_0306.tiff...
Detected 611 cells
Processing M2_IALCA_2_1_0308.tiff...
Detected 503 cells
Processing M2_IALCA_2_2_0310.tiff...
Detected 523 cells
Processing M2_IALCA_2_3_0312.tiff...
Detected 724 cells
Processing M2_IALCA_2_4_0314.tiff...
Detected 640 cells
Processing M2_IALCA_2_5_0316.tiff...
Detected 704 cells
Processing M2_IALCA_3_1_0318.tiff...
Detected 510 cells
Processing M2_IALCA_3_2_0320.tiff...
Detected 527 cells
Processing M2_IALCA_3_3_0322.tiff...
Detected 694 cells
Processing M2_IALCA_3_4_0324.tiff...
Detected 449 cells
Processing M2_IALCA_3_5_0326.tiff...
Detected 739 cells
Processing M2_ILCA_1_1_0359.tiff...
Detected 680 cells
Processing M2_ILCA_1_2_0361.tiff...
Detected 647 cells
Processing M2_ILCA_1_3_0363.tiff...
Detected 731 cells
Processing M2_ILCA_1_4_0365.tiff...
Detected 430 cells
Processing M2_ILCA_1_5_0367.tiff...
Detected 763 cells
Processing M2_LCA_2_1_0184.tiff...
Detected 636 cells
Processing M2_LCA_2_2_0186.tiff...
Detected 569 cells
Processing M2_LCA_2_3_0188.tiff...
Detected 772 cells
Processing M2_LCA_2_4_0190.tiff...
Detected 636 cells
Processing M2_LCA_2_5_0192.tiff...
Detected 825 cells
Processing M2_LCA_3_1_0194.tiff...
Detected 719 cells
Processing M2_LCA_3_2_0196.tiff...
Detected 612 cells
Processing M2_LCA_3_3_0198.tiff...
Detected 683 cells
Processing M2_LCA_3_4_0200.tiff...
Detected 426 cells
Processing M2_LCA_3_5_0202.tiff...
Detected 793 cells
Done! Results written to ./cell_counts.csv
